<?xml version="1.0" encoding="UTF-8"?>
<!-- Generated by org.testng.reporters.JUnitXMLReporter -->
<testsuite ignored="0" hostname="LAPTOP-K7D3D6AT" failures="0" tests="3" name="test1" time="2.691" errors="0" timestamp="2024-07-17T14:12:42 IST">
  <testcase classname="resttest.WireMockTest" name="testCreate" time="1.368"/>
  <testcase classname="resttest.WireMockTest" name="testCreate1" time="0.036"/>
  <testcase classname="resttest.WireMockTest" name="testCreate2" time="0.035"/>
</testsuite> <!-- test1 -->
